<?xml version="1.0" encoding="UTF-8"?>
<!-- Generated by org.testng.reporters.JUnitReportReporter -->
<testsuite hostname="kali" failures="0" tests="1" name="com.SelleniumAutomationBasic.Automation_practice.OpenURL" time="6.565" errors="0" timestamp="29 May 2024 03:27:13 GMT" skipped="0">
  <testcase classname="com.SelleniumAutomationBasic.Automation_practice.OpenURL" name="open" time="6.565"/>
</testsuite> <!-- com.SelleniumAutomationBasic.Automation_practice.OpenURL -->
