<?xml version="1.0" encoding="UTF-8"?>
<!-- Generated by org.testng.reporters.JUnitReportReporter -->
<testsuite hostname="nikPC" failures="0" tests="2" name="Locator.LocateByCssSelector" time="8.849" errors="0" timestamp="05 Jun 2024 06:19:02 GMT" skipped="0">
  <testcase classname="Locator.LocateByCssSelector" name="locateByLinkText" time="3.654"/>
  <testcase classname="Locator.LocateByCssSelector" name="locateByCSSLocator" time="5.195"/>
</testsuite> <!-- Locator.LocateByCssSelector -->
