<?xml version="1.0" encoding="UTF-8"?>
<!-- Generated by org.testng.reporters.JUnitReportReporter -->
<testsuite hostname="kali" failures="0" tests="2" name="Locator.LocateByCssSelector" time="10.756" errors="0" timestamp="29 May 2024 16:22:32 GMT" skipped="0">
  <testcase classname="Locator.LocateByCssSelector" name="locateByLinkText" time="5.377"/>
  <testcase classname="Locator.LocateByCssSelector" name="locateByCSSLocator" time="5.379"/>
</testsuite> <!-- Locator.LocateByCssSelector -->
