<?xml version="1.0" encoding="UTF-8"?>
<!-- Generated by org.testng.reporters.JUnitReportReporter -->
<testsuite hostname="nikPC" failures="0" tests="1" name="Locator.LocatorRelativeXpathAttribute" time="7.208" errors="0" timestamp="11 Jun 2024 06:31:28 GMT" skipped="0">
  <testcase classname="Locator.LocatorRelativeXpathAttribute" name="relatieXpath" time="7.208"/>
</testsuite> <!-- Locator.LocatorRelativeXpathAttribute -->
