<?xml version="1.0" encoding="UTF-8"?>
<!-- Generated by org.testng.reporters.JUnitReportReporter -->
<testsuite hostname="nikPC" failures="0" tests="1" name="com.SelleniumAutomationBasic.Automation_practice.OpenURL" time="6.866" errors="0" timestamp="28 May 2024 09:28:53 GMT" skipped="0">
  <testcase classname="com.SelleniumAutomationBasic.Automation_practice.OpenURL" name="open" time="6.866"/>
</testsuite> <!-- com.SelleniumAutomationBasic.Automation_practice.OpenURL -->
