<?xml version="1.0" encoding="UTF-8"?>
<!-- Generated by org.testng.reporters.JUnitReportReporter -->
<testsuite hostname="kali" failures="0" tests="2" name="Locator.locateByCssSelector" time="10.731" errors="0" timestamp="29 May 2024 15:00:47 GMT" skipped="0">
  <testcase classname="Locator.locateByCssSelector" name="locateByLinkText" time="5.221"/>
  <testcase classname="Locator.locateByCssSelector" name="locateByCSSLocator" time="5.510"/>
</testsuite> <!-- Locator.locateByCssSelector -->
