<?xml version="1.0" encoding="UTF-8"?>
<!-- Generated by org.testng.reporters.JUnitReportReporter -->
<testsuite hostname="nikPC" failures="0" tests="3" name="com.SelleniumAutomationBasic.Automation_practice.TestNG_Annotation_Examples" time="0.006" errors="0" timestamp="28 May 2024 10:09:43 GMT" skipped="0">
  <testcase classname="com.SelleniumAutomationBasic.Automation_practice.TestNG_Annotation_Examples" name="TestExample1" time="0.004"/>
  <testcase classname="com.SelleniumAutomationBasic.Automation_practice.TestNG_Annotation_Examples" name="TestExample3" time="0.001"/>
  <testcase classname="com.SelleniumAutomationBasic.Automation_practice.TestNG_Annotation_Examples" name="TestExample2" time="0.001"/>
</testsuite> <!-- com.SelleniumAutomationBasic.Automation_practice.TestNG_Annotation_Examples -->
