<?xml version="1.0" encoding="UTF-8"?>
<!-- Generated by org.testng.reporters.JUnitReportReporter -->
<testsuite hostname="nikPC" failures="0" tests="1" name="Locator.LocatorRelativeXpathAttribute" time="46.096" errors="0" timestamp="12 Jun 2024 07:38:36 GMT" skipped="0">
  <testcase classname="Locator.LocatorRelativeXpathAttribute" name="relatieXpath" time="46.096"/>
</testsuite> <!-- Locator.LocatorRelativeXpathAttribute -->
